mode: set
github.com/pax-beehive/connector/connector.go:7.25,7.38 1 1
github.com/pax-beehive/connector/core.go:43.58,45.16 2 1
github.com/pax-beehive/connector/core.go:45.16,47.3 1 0
github.com/pax-beehive/connector/core.go:48.2,49.16 2 1
github.com/pax-beehive/connector/core.go:49.16,51.3 1 0
github.com/pax-beehive/connector/core.go:52.2,53.16 2 1
github.com/pax-beehive/connector/core.go:53.16,55.3 1 1
github.com/pax-beehive/connector/core.go:56.2,56.95 1 1
github.com/pax-beehive/connector/core.go:56.95,58.62 2 1
github.com/pax-beehive/connector/core.go:58.62,60.4 1 0
github.com/pax-beehive/connector/core.go:62.2,62.41 1 1
github.com/pax-beehive/connector/core.go:65.44,66.17 1 1
github.com/pax-beehive/connector/core.go:66.17,68.3 1 1
github.com/pax-beehive/connector/core.go:69.2,69.27 1 1
github.com/pax-beehive/connector/core.go:72.114,74.16 2 1
github.com/pax-beehive/connector/core.go:74.16,76.3 1 1
github.com/pax-beehive/connector/core.go:77.2,77.19 1 1
github.com/pax-beehive/connector/core.go:77.19,78.52 1 1
github.com/pax-beehive/connector/core.go:78.52,80.4 1 0
github.com/pax-beehive/connector/core.go:82.2,82.31 1 1
github.com/pax-beehive/connector/core.go:85.121,87.16 2 1
github.com/pax-beehive/connector/core.go:87.16,89.3 1 1
github.com/pax-beehive/connector/core.go:90.2,91.45 2 1
github.com/pax-beehive/connector/core.go:91.45,93.3 1 1
github.com/pax-beehive/connector/core.go:94.2,95.17 2 1
github.com/pax-beehive/connector/core.go:95.17,97.3 1 1
github.com/pax-beehive/connector/core.go:98.2,99.16 2 1
github.com/pax-beehive/connector/core.go:99.16,101.3 1 0
github.com/pax-beehive/connector/core.go:102.2,103.17 2 1
github.com/pax-beehive/connector/core.go:106.83,108.13 2 1
github.com/pax-beehive/connector/core.go:108.13,110.3 1 1
github.com/pax-beehive/connector/core.go:111.2,111.31 1 1
github.com/pax-beehive/connector/core.go:111.31,112.24 1 1
github.com/pax-beehive/connector/core.go:112.24,114.4 1 1
github.com/pax-beehive/connector/core.go:116.2,116.34 1 1
github.com/pax-beehive/connector/core.go:116.34,118.3 1 1
github.com/pax-beehive/connector/core.go:121.81,123.27 2 1
github.com/pax-beehive/connector/core.go:123.27,125.3 1 1
github.com/pax-beehive/connector/core.go:126.2,126.28 1 1
github.com/pax-beehive/connector/core.go:126.28,128.3 1 1
github.com/pax-beehive/connector/core.go:129.2,129.39 1 1
github.com/pax-beehive/connector/core.go:129.39,131.3 1 1
github.com/pax-beehive/connector/core.go:132.2,132.18 1 1
github.com/pax-beehive/connector/core.go:135.67,136.15 1 1
github.com/pax-beehive/connector/core.go:136.15,136.40 1 1
github.com/pax-beehive/connector/core.go:137.2,138.16 2 1
github.com/pax-beehive/connector/core.go:138.16,140.3 1 0
github.com/pax-beehive/connector/core.go:141.2,141.52 1 1
github.com/pax-beehive/connector/core.go:141.52,143.3 1 1
github.com/pax-beehive/connector/core.go:144.2,144.51 1 1
github.com/pax-beehive/connector/core.go:144.51,146.3 1 1
github.com/pax-beehive/connector/core.go:147.2,147.34 1 1
github.com/pax-beehive/connector/core.go:150.56,152.25 2 1
github.com/pax-beehive/connector/core.go:152.25,154.3 1 1
github.com/pax-beehive/connector/core.go:155.2,155.10 1 1
github.com/pax-beehive/connector/core.go:158.42,159.25 1 1
github.com/pax-beehive/connector/core.go:159.25,161.3 1 0
github.com/pax-beehive/connector/core.go:162.2,162.26 1 1
github.com/pax-beehive/connector/core.go:167.33,170.2 2 1
github.com/pax-beehive/connector/datetime.go:23.50,25.46 2 1
github.com/pax-beehive/connector/datetime.go:25.46,26.26 1 0
github.com/pax-beehive/connector/datetime.go:26.26,28.4 1 0
github.com/pax-beehive/connector/datetime.go:29.3,29.13 1 0
github.com/pax-beehive/connector/datetime.go:31.2,31.13 1 1
github.com/pax-beehive/connector/datetime.go:31.13,33.3 1 1
github.com/pax-beehive/connector/datetime.go:34.2,34.41 1 1
github.com/pax-beehive/connector/datetime.go:34.41,35.55 1 1
github.com/pax-beehive/connector/datetime.go:35.55,38.4 2 1
github.com/pax-beehive/connector/datetime.go:40.2,40.61 1 1
github.com/pax-beehive/connector/datetime.go:43.49,45.2 1 1
github.com/pax-beehive/connector/datetime.go:47.35,47.70 1 1
github.com/pax-beehive/connector/errors.go:13.35,14.37 1 1
github.com/pax-beehive/connector/errors.go:14.37,16.3 1 1
github.com/pax-beehive/connector/errors.go:17.2,17.70 1 1
github.com/pax-beehive/connector/params.go:22.58,24.16 2 1
github.com/pax-beehive/connector/params.go:24.16,26.3 1 1
github.com/pax-beehive/connector/params.go:27.2,28.34 2 1
github.com/pax-beehive/connector/params.go:28.34,29.16 1 1
github.com/pax-beehive/connector/params.go:29.16,31.4 1 1
github.com/pax-beehive/connector/params.go:32.3,32.15 1 1
github.com/pax-beehive/connector/params.go:34.2,34.32 1 1
github.com/pax-beehive/connector/params.go:34.32,36.3 1 1
github.com/pax-beehive/connector/params.go:37.2,37.40 1 1
github.com/pax-beehive/connector/params.go:37.40,39.3 1 0
github.com/pax-beehive/connector/params.go:40.2,40.15 1 1
github.com/pax-beehive/connector/params.go:43.59,45.36 2 1
github.com/pax-beehive/connector/params.go:45.36,46.57 1 1
github.com/pax-beehive/connector/params.go:46.57,48.4 1 0
github.com/pax-beehive/connector/params.go:50.2,50.12 1 1
github.com/pax-beehive/connector/params.go:53.79,55.16 2 1
github.com/pax-beehive/connector/params.go:55.16,57.3 1 1
github.com/pax-beehive/connector/params.go:58.2,58.35 1 1
github.com/pax-beehive/connector/params.go:58.35,59.17 1 1
github.com/pax-beehive/connector/params.go:59.17,61.4 1 1
github.com/pax-beehive/connector/params.go:62.3,62.17 1 1
github.com/pax-beehive/connector/params.go:64.2,64.51 1 1
github.com/pax-beehive/connector/params.go:64.51,65.33 1 1
github.com/pax-beehive/connector/params.go:65.33,67.18 2 1
github.com/pax-beehive/connector/params.go:67.18,69.5 1 0
github.com/pax-beehive/connector/params.go:70.4,70.24 1 1
github.com/pax-beehive/connector/params.go:72.3,72.13 1 1
github.com/pax-beehive/connector/params.go:74.2,75.16 2 1
github.com/pax-beehive/connector/params.go:75.16,77.3 1 0
github.com/pax-beehive/connector/params.go:78.2,78.14 1 1
github.com/pax-beehive/connector/params.go:79.15,80.23 1 1
github.com/pax-beehive/connector/params.go:81.14,82.19 1 1
github.com/pax-beehive/connector/params.go:83.16,84.21 1 1
github.com/pax-beehive/connector/params.go:86.2,86.12 1 1
github.com/pax-beehive/connector/params.go:89.59,90.56 1 1
github.com/pax-beehive/connector/params.go:90.56,91.51 1 1
github.com/pax-beehive/connector/params.go:91.51,93.4 1 1
github.com/pax-beehive/connector/params.go:95.2,95.15 1 1
github.com/pax-beehive/connector/params.go:98.51,99.47 1 1
github.com/pax-beehive/connector/params.go:99.47,101.3 1 1
github.com/pax-beehive/connector/params.go:102.2,102.18 1 1
github.com/pax-beehive/connector/params.go:103.22,104.25 1 1
github.com/pax-beehive/connector/params.go:105.78,106.45 1 1
github.com/pax-beehive/connector/params.go:107.40,108.58 1 1
github.com/pax-beehive/connector/params.go:109.20,110.43 1 1
github.com/pax-beehive/connector/params.go:111.10,112.78 1 0
github.com/pax-beehive/connector/internal/genlib/build.go:24.55,27.16 3 1
github.com/pax-beehive/connector/internal/genlib/build.go:27.16,29.3 1 1
github.com/pax-beehive/connector/internal/genlib/build.go:30.2,31.25 2 1
github.com/pax-beehive/connector/internal/genlib/build.go:31.25,33.3 1 1
github.com/pax-beehive/connector/internal/genlib/build.go:34.2,34.76 1 1
github.com/pax-beehive/connector/internal/genlib/build.go:34.76,36.3 1 0
github.com/pax-beehive/connector/internal/genlib/build.go:37.2,37.26 1 1
github.com/pax-beehive/connector/internal/genlib/build.go:37.26,38.40 1 1
github.com/pax-beehive/connector/internal/genlib/build.go:38.40,40.4 1 0
github.com/pax-beehive/connector/internal/genlib/build.go:42.2,42.40 1 1
github.com/pax-beehive/connector/internal/genlib/build.go:42.40,44.3 1 0
github.com/pax-beehive/connector/internal/genlib/build.go:45.2,46.43 2 1
github.com/pax-beehive/connector/internal/genlib/build.go:46.43,48.3 1 0
github.com/pax-beehive/connector/internal/genlib/build.go:49.2,49.18 1 1
github.com/pax-beehive/connector/internal/genlib/build.go:54.46,56.50 2 1
github.com/pax-beehive/connector/internal/genlib/build.go:56.50,58.3 1 1
github.com/pax-beehive/connector/internal/genlib/build.go:59.2,59.41 1 1
github.com/pax-beehive/connector/internal/genlib/build.go:59.41,61.21 2 1
github.com/pax-beehive/connector/internal/genlib/build.go:61.21,62.12 1 1
github.com/pax-beehive/connector/internal/genlib/build.go:64.3,65.49 2 1
github.com/pax-beehive/connector/internal/genlib/build.go:65.49,67.4 1 1
github.com/pax-beehive/connector/internal/genlib/build.go:68.3,68.56 1 1
github.com/pax-beehive/connector/internal/genlib/build.go:70.2,70.13 1 1
github.com/pax-beehive/connector/internal/genlib/build.go:73.60,74.16 1 1
github.com/pax-beehive/connector/internal/genlib/build.go:74.16,76.3 1 0
github.com/pax-beehive/connector/internal/genlib/build.go:77.2,77.18 1 1
github.com/pax-beehive/connector/internal/genlib/build.go:87.52,90.44 3 1
github.com/pax-beehive/connector/internal/genlib/build.go:90.44,91.49 1 1
github.com/pax-beehive/connector/internal/genlib/build.go:91.49,93.34 2 1
github.com/pax-beehive/connector/internal/genlib/build.go:93.34,95.5 1 1
github.com/pax-beehive/connector/internal/genlib/build.go:96.4,97.90 2 1
github.com/pax-beehive/connector/internal/genlib/build.go:100.2,100.38 1 1
github.com/pax-beehive/connector/internal/genlib/build.go:100.38,100.86 1 1
github.com/pax-beehive/connector/internal/genlib/build.go:101.2,101.17 1 1
github.com/pax-beehive/connector/internal/genlib/build.go:104.42,105.29 1 1
github.com/pax-beehive/connector/internal/genlib/build.go:105.29,107.3 1 0
github.com/pax-beehive/connector/internal/genlib/build.go:108.2,109.45 2 1
github.com/pax-beehive/connector/internal/genlib/build.go:109.45,111.3 1 1
github.com/pax-beehive/connector/internal/genlib/build.go:112.2,113.14 2 1
github.com/pax-beehive/connector/internal/genlib/build.go:116.62,117.29 1 1
github.com/pax-beehive/connector/internal/genlib/build.go:117.29,119.3 1 0
github.com/pax-beehive/connector/internal/genlib/build.go:120.2,120.39 1 1
github.com/pax-beehive/connector/internal/genlib/build.go:123.44,131.51 2 1
github.com/pax-beehive/connector/internal/genlib/build.go:131.51,133.3 1 0
github.com/pax-beehive/connector/internal/genlib/build.go:134.2,134.49 1 1
github.com/pax-beehive/connector/internal/genlib/build.go:134.49,136.3 1 0
github.com/pax-beehive/connector/internal/genlib/build.go:137.2,137.53 1 1
github.com/pax-beehive/connector/internal/genlib/build.go:137.53,139.3 1 0
github.com/pax-beehive/connector/internal/genlib/build.go:140.2,141.52 2 1
github.com/pax-beehive/connector/internal/genlib/build.go:141.52,143.3 1 0
github.com/pax-beehive/connector/internal/genlib/build.go:144.2,145.12 2 1
github.com/pax-beehive/connector/internal/genlib/build.go:148.43,149.22 1 1
github.com/pax-beehive/connector/internal/genlib/build.go:149.22,151.3 1 1
github.com/pax-beehive/connector/internal/genlib/build.go:152.2,152.18 1 0
github.com/pax-beehive/connector/internal/genlib/build.go:156.77,158.38 2 1
github.com/pax-beehive/connector/internal/genlib/build.go:158.38,161.17 3 1
github.com/pax-beehive/connector/internal/genlib/build.go:161.17,163.4 1 0
github.com/pax-beehive/connector/internal/genlib/build.go:164.3,164.15 1 1
github.com/pax-beehive/connector/internal/genlib/build.go:165.15,166.26 1 1
github.com/pax-beehive/connector/internal/genlib/build.go:167.16,168.28 1 1
github.com/pax-beehive/connector/internal/genlib/build.go:169.17,170.30 1 1
github.com/pax-beehive/connector/internal/genlib/build.go:173.2,174.12 2 1
github.com/pax-beehive/connector/internal/genlib/build.go:178.76,179.14 1 1
github.com/pax-beehive/connector/internal/genlib/build.go:180.14,181.58 1 1
github.com/pax-beehive/connector/internal/genlib/build.go:181.58,183.4 1 1
github.com/pax-beehive/connector/internal/genlib/build.go:184.3,188.17 1 1
github.com/pax-beehive/connector/internal/genlib/build.go:189.15,195.18 2 1
github.com/pax-beehive/connector/internal/genlib/build.go:196.16,197.42 1 1
github.com/pax-beehive/connector/internal/genlib/build.go:197.42,198.39 1 1
github.com/pax-beehive/connector/internal/genlib/build.go:198.39,200.5 1 1
github.com/pax-beehive/connector/internal/genlib/build.go:202.3,206.19 1 1
github.com/pax-beehive/connector/internal/genlib/build.go:207.10,208.76 1 0
github.com/pax-beehive/connector/internal/genlib/build.go:214.75,216.19 2 1
github.com/pax-beehive/connector/internal/genlib/build.go:216.19,218.3 1 1
github.com/pax-beehive/connector/internal/genlib/build.go:219.2,219.22 1 1
github.com/pax-beehive/connector/internal/genlib/build.go:219.22,222.37 3 1
github.com/pax-beehive/connector/internal/genlib/build.go:222.37,224.4 1 0
github.com/pax-beehive/connector/internal/genlib/build.go:225.3,227.13 3 1
github.com/pax-beehive/connector/internal/genlib/build.go:229.2,229.37 1 1
github.com/pax-beehive/connector/internal/genlib/build.go:229.37,238.3 4 1
github.com/pax-beehive/connector/internal/genlib/build.go:239.2,239.73 1 0
github.com/pax-beehive/connector/internal/genlib/build.go:242.62,243.60 1 1
github.com/pax-beehive/connector/internal/genlib/build.go:243.60,245.3 1 1
github.com/pax-beehive/connector/internal/genlib/build.go:246.2,246.53 1 1
github.com/pax-beehive/connector/internal/genlib/build.go:251.66,252.44 1 1
github.com/pax-beehive/connector/internal/genlib/build.go:252.44,254.3 1 1
github.com/pax-beehive/connector/internal/genlib/build.go:255.2,255.29 1 1
github.com/pax-beehive/connector/internal/genlib/build.go:255.29,256.23 1 0
github.com/pax-beehive/connector/internal/genlib/build.go:256.23,258.4 1 0
github.com/pax-beehive/connector/internal/genlib/build.go:260.2,260.12 1 1
github.com/pax-beehive/connector/internal/genlib/build.go:263.73,264.50 1 1
github.com/pax-beehive/connector/internal/genlib/build.go:264.50,272.3 3 1
github.com/pax-beehive/connector/internal/genlib/build.go:277.79,279.19 2 1
github.com/pax-beehive/connector/internal/genlib/build.go:279.19,282.3 2 1
github.com/pax-beehive/connector/internal/genlib/build.go:283.2,285.22 3 1
github.com/pax-beehive/connector/internal/genlib/build.go:285.22,288.66 3 1
github.com/pax-beehive/connector/internal/genlib/build.go:288.66,290.4 1 1
github.com/pax-beehive/connector/internal/genlib/build.go:291.3,291.13 1 1
github.com/pax-beehive/connector/internal/genlib/build.go:293.2,293.43 1 1
github.com/pax-beehive/connector/internal/genlib/build.go:296.80,297.24 1 1
github.com/pax-beehive/connector/internal/genlib/build.go:298.20,299.34 1 1
github.com/pax-beehive/connector/internal/genlib/build.go:300.15,303.32 3 1
github.com/pax-beehive/connector/internal/genlib/build.go:304.10,305.102 1 0
github.com/pax-beehive/connector/internal/genlib/build.go:307.2,307.12 1 1
github.com/pax-beehive/connector/internal/genlib/build.go:311.65,312.26 1 1
github.com/pax-beehive/connector/internal/genlib/build.go:312.26,314.3 1 0
github.com/pax-beehive/connector/internal/genlib/build.go:315.2,317.22 3 1
github.com/pax-beehive/connector/internal/genlib/build.go:317.22,318.35 1 1
github.com/pax-beehive/connector/internal/genlib/build.go:318.35,320.4 1 1
github.com/pax-beehive/connector/internal/genlib/build.go:322.2,323.29 2 1
github.com/pax-beehive/connector/internal/genlib/build.go:323.29,324.41 1 1
github.com/pax-beehive/connector/internal/genlib/build.go:324.41,325.60 1 1
github.com/pax-beehive/connector/internal/genlib/build.go:325.60,327.5 1 1
github.com/pax-beehive/connector/internal/genlib/build.go:330.2,330.12 1 1
github.com/pax-beehive/connector/internal/genlib/build.go:335.61,336.19 1 1
github.com/pax-beehive/connector/internal/genlib/build.go:336.19,338.3 1 0
github.com/pax-beehive/connector/internal/genlib/build.go:339.2,339.22 1 1
github.com/pax-beehive/connector/internal/genlib/build.go:339.22,341.3 1 1
github.com/pax-beehive/connector/internal/genlib/build.go:342.2,342.37 1 1
github.com/pax-beehive/connector/internal/genlib/build.go:345.59,346.19 1 1
github.com/pax-beehive/connector/internal/genlib/build.go:347.16,348.27 1 1
github.com/pax-beehive/connector/internal/genlib/build.go:349.17,350.26 1 1
github.com/pax-beehive/connector/internal/genlib/build.go:350.26,352.4 1 1
github.com/pax-beehive/connector/internal/genlib/build.go:353.3,353.16 1 1
github.com/pax-beehive/connector/internal/genlib/build.go:354.16,355.20 1 1
github.com/pax-beehive/connector/internal/genlib/build.go:356.17,357.17 1 1
github.com/pax-beehive/connector/internal/genlib/build.go:358.15,359.36 1 1
github.com/pax-beehive/connector/internal/genlib/build.go:360.16,361.43 1 1
github.com/pax-beehive/connector/internal/genlib/build.go:361.43,363.4 1 1
github.com/pax-beehive/connector/internal/genlib/build.go:364.3,364.26 1 0
github.com/pax-beehive/connector/internal/genlib/build.go:365.10,366.15 1 0
github.com/pax-beehive/connector/internal/genlib/build.go:370.59,371.18 1 1
github.com/pax-beehive/connector/internal/genlib/build.go:372.14,373.18 1 1
github.com/pax-beehive/connector/internal/genlib/build.go:374.19,376.31 2 1
github.com/pax-beehive/connector/internal/genlib/build.go:376.31,378.4 1 1
github.com/pax-beehive/connector/internal/genlib/build.go:379.3,379.22 1 0
github.com/pax-beehive/connector/internal/genlib/build.go:380.10,381.19 1 1
github.com/pax-beehive/connector/internal/genlib/build.go:386.63,388.2 1 1
github.com/pax-beehive/connector/internal/genlib/build.go:390.40,391.52 1 1
github.com/pax-beehive/connector/internal/genlib/build.go:391.52,393.3 1 0
github.com/pax-beehive/connector/internal/genlib/build.go:394.2,394.21 1 1
github.com/pax-beehive/connector/internal/genlib/build.go:398.61,399.19 1 1
github.com/pax-beehive/connector/internal/genlib/build.go:399.19,401.3 1 1
github.com/pax-beehive/connector/internal/genlib/build.go:402.2,402.22 1 1
github.com/pax-beehive/connector/internal/genlib/build.go:402.22,405.3 2 1
github.com/pax-beehive/connector/internal/genlib/build.go:406.2,406.28 1 1
github.com/pax-beehive/connector/internal/genlib/build.go:409.42,410.19 1 1
github.com/pax-beehive/connector/internal/genlib/build.go:410.19,412.3 1 1
github.com/pax-beehive/connector/internal/genlib/build.go:413.2,414.62 2 1
github.com/pax-beehive/connector/internal/genlib/build.go:414.62,416.3 1 1
github.com/pax-beehive/connector/internal/genlib/build.go:419.50,420.14 1 1
github.com/pax-beehive/connector/internal/genlib/build.go:420.14,422.3 1 0
github.com/pax-beehive/connector/internal/genlib/build.go:423.2,423.36 1 1
github.com/pax-beehive/connector/internal/genlib/build.go:423.36,425.3 1 1
github.com/pax-beehive/connector/internal/genlib/build.go:426.2,427.48 2 1
github.com/pax-beehive/connector/internal/genlib/build.go:431.39,433.28 2 1
github.com/pax-beehive/connector/internal/genlib/build.go:433.28,435.3 1 1
github.com/pax-beehive/connector/internal/genlib/build.go:436.2,437.29 2 1
github.com/pax-beehive/connector/internal/genlib/build.go:437.29,439.37 2 1
github.com/pax-beehive/connector/internal/genlib/build.go:439.37,441.4 1 0
github.com/pax-beehive/connector/internal/genlib/build.go:442.3,443.57 2 1
github.com/pax-beehive/connector/internal/genlib/build.go:443.57,449.4 1 1
github.com/pax-beehive/connector/internal/genlib/build.go:450.3,450.44 1 1
github.com/pax-beehive/connector/internal/genlib/build.go:450.44,452.4 1 0
github.com/pax-beehive/connector/internal/genlib/build.go:453.3,453.39 1 1
github.com/pax-beehive/connector/internal/genlib/build.go:455.2,455.12 1 1
github.com/pax-beehive/connector/internal/genlib/build.go:459.28,460.43 1 1
github.com/pax-beehive/connector/internal/genlib/build.go:460.43,461.41 1 1
github.com/pax-beehive/connector/internal/genlib/build.go:461.41,463.4 1 1
github.com/pax-beehive/connector/internal/genlib/build.go:464.3,464.57 1 1
github.com/pax-beehive/connector/internal/genlib/build.go:466.2,467.30 2 1
github.com/pax-beehive/connector/internal/genlib/build.go:467.30,469.25 2 1
github.com/pax-beehive/connector/internal/genlib/build.go:469.25,471.4 1 1
github.com/pax-beehive/connector/internal/genlib/build.go:473.2,473.24 1 1
github.com/pax-beehive/connector/internal/genlib/build.go:473.24,475.3 1 1
github.com/pax-beehive/connector/internal/genlib/build.go:476.2,477.47 2 1
github.com/pax-beehive/connector/internal/genlib/build.go:477.47,477.101 1 1
github.com/pax-beehive/connector/internal/genlib/build.go:478.2,478.79 1 1
github.com/pax-beehive/connector/internal/genlib/build.go:482.42,483.41 1 1
github.com/pax-beehive/connector/internal/genlib/build.go:483.41,484.39 1 1
github.com/pax-beehive/connector/internal/genlib/build.go:484.39,486.4 1 0
github.com/pax-beehive/connector/internal/genlib/build.go:487.3,488.13 2 1
github.com/pax-beehive/connector/internal/genlib/build.go:490.2,490.32 1 1
github.com/pax-beehive/connector/internal/genlib/build.go:490.32,491.53 1 1
github.com/pax-beehive/connector/internal/genlib/build.go:491.53,493.4 1 0
github.com/pax-beehive/connector/internal/genlib/build.go:495.2,495.30 1 1
github.com/pax-beehive/connector/internal/genlib/build.go:495.30,496.74 1 1
github.com/pax-beehive/connector/internal/genlib/build.go:496.74,498.4 1 0
github.com/pax-beehive/connector/internal/genlib/build.go:499.3,500.19 2 1
github.com/pax-beehive/connector/internal/genlib/build.go:500.19,501.84 1 1
github.com/pax-beehive/connector/internal/genlib/build.go:501.84,503.5 1 0
github.com/pax-beehive/connector/internal/genlib/build.go:506.2,506.12 1 1
github.com/pax-beehive/connector/internal/genlib/build.go:509.38,511.29 2 1
github.com/pax-beehive/connector/internal/genlib/build.go:511.29,512.19 1 1
github.com/pax-beehive/connector/internal/genlib/build.go:512.19,514.4 1 0
github.com/pax-beehive/connector/internal/genlib/build.go:515.3,515.22 1 1
github.com/pax-beehive/connector/internal/genlib/build.go:517.2,517.12 1 1
github.com/pax-beehive/connector/internal/genlib/build.go:520.46,522.19 2 1
github.com/pax-beehive/connector/internal/genlib/build.go:522.19,524.3 1 1
github.com/pax-beehive/connector/internal/genlib/build.go:525.2,526.13 2 1
github.com/pax-beehive/connector/internal/genlib/config.go:31.47,33.16 2 1
github.com/pax-beehive/connector/internal/genlib/config.go:33.16,35.3 1 1
github.com/pax-beehive/connector/internal/genlib/config.go:36.2,37.50 2 1
github.com/pax-beehive/connector/internal/genlib/config.go:37.50,39.3 1 0
github.com/pax-beehive/connector/internal/genlib/config.go:40.2,40.62 1 1
github.com/pax-beehive/connector/internal/genlib/config.go:40.62,42.3 1 1
github.com/pax-beehive/connector/internal/genlib/config.go:43.2,45.22 3 1
github.com/pax-beehive/connector/internal/genlib/config.go:45.22,47.3 1 1
github.com/pax-beehive/connector/internal/genlib/config.go:48.2,49.17 2 1
github.com/pax-beehive/connector/internal/genlib/load.go:14.49,16.16 2 1
github.com/pax-beehive/connector/internal/genlib/load.go:16.16,18.3 1 1
github.com/pax-beehive/connector/internal/genlib/load.go:19.2,22.53 2 1
github.com/pax-beehive/connector/internal/genlib/load.go:22.53,24.3 1 0
github.com/pax-beehive/connector/internal/genlib/load.go:25.2,25.28 1 1
github.com/pax-beehive/connector/internal/genlib/load.go:25.28,27.53 2 1
github.com/pax-beehive/connector/internal/genlib/load.go:27.53,29.4 1 0
github.com/pax-beehive/connector/internal/genlib/load.go:30.3,30.34 1 1
github.com/pax-beehive/connector/internal/genlib/load.go:32.2,32.48 1 0
github.com/pax-beehive/connector/internal/genlib/naming.go:13.35,16.25 3 1
github.com/pax-beehive/connector/internal/genlib/naming.go:16.25,17.50 1 1
github.com/pax-beehive/connector/internal/genlib/naming.go:17.50,19.12 2 1
github.com/pax-beehive/connector/internal/genlib/naming.go:21.3,21.16 1 1
github.com/pax-beehive/connector/internal/genlib/naming.go:21.16,24.4 2 1
github.com/pax-beehive/connector/internal/genlib/naming.go:25.3,25.17 1 1
github.com/pax-beehive/connector/internal/genlib/naming.go:27.2,28.13 2 1
github.com/pax-beehive/connector/internal/genlib/naming.go:28.13,30.3 1 0
github.com/pax-beehive/connector/internal/genlib/naming.go:31.2,31.33 1 1
github.com/pax-beehive/connector/internal/genlib/naming.go:31.33,33.3 1 0
github.com/pax-beehive/connector/internal/genlib/naming.go:34.2,34.10 1 1
github.com/pax-beehive/connector/internal/genlib/naming.go:40.75,41.50 1 1
github.com/pax-beehive/connector/internal/genlib/naming.go:41.50,43.3 1 1
github.com/pax-beehive/connector/internal/genlib/naming.go:44.2,44.42 1 1
github.com/pax-beehive/connector/internal/genlib/naming.go:44.42,46.3 1 1
github.com/pax-beehive/connector/internal/genlib/naming.go:47.2,47.30 1 1
github.com/pax-beehive/connector/internal/genlib/naming.go:51.33,53.2 1 1
github.com/pax-beehive/connector/internal/genlib/naming.go:56.38,57.47 1 1
github.com/pax-beehive/connector/internal/genlib/naming.go:57.47,59.3 1 1
github.com/pax-beehive/connector/internal/genlib/naming.go:60.2,60.13 1 0
github.com/pax-beehive/connector/internal/genlib/naming.go:65.47,66.42 1 1
github.com/pax-beehive/connector/internal/genlib/naming.go:66.42,67.38 1 1
github.com/pax-beehive/connector/internal/genlib/naming.go:67.38,69.4 1 1
github.com/pax-beehive/connector/internal/genlib/naming.go:71.2,71.14 1 1
github.com/pax-beehive/connector/internal/genlib/naming.go:79.104,82.33 3 1
github.com/pax-beehive/connector/internal/genlib/naming.go:82.33,83.47 1 1
github.com/pax-beehive/connector/internal/genlib/naming.go:83.47,86.12 3 1
github.com/pax-beehive/connector/internal/genlib/naming.go:88.3,89.44 2 1
github.com/pax-beehive/connector/internal/genlib/naming.go:91.2,91.34 1 1
github.com/pax-beehive/connector/internal/genlib/naming.go:91.34,93.73 2 1
github.com/pax-beehive/connector/internal/genlib/naming.go:93.73,95.4 1 0
github.com/pax-beehive/connector/internal/genlib/naming.go:97.2,97.19 1 1
github.com/pax-beehive/connector/internal/genlib/naming.go:100.118,102.30 2 1
github.com/pax-beehive/connector/internal/genlib/naming.go:102.30,104.3 1 1
github.com/pax-beehive/connector/internal/genlib/naming.go:105.2,105.29 1 1
github.com/pax-beehive/connector/internal/genlib/naming.go:105.29,106.46 1 1
github.com/pax-beehive/connector/internal/genlib/naming.go:106.46,107.20 1 1
github.com/pax-beehive/connector/internal/genlib/naming.go:107.20,110.13 3 1
github.com/pax-beehive/connector/internal/genlib/naming.go:113.3,114.17 2 1
github.com/pax-beehive/connector/internal/genlib/naming.go:114.17,116.4 1 0
github.com/pax-beehive/connector/internal/genlib/naming.go:117.3,118.21 2 1
github.com/pax-beehive/connector/internal/genlib/naming.go:120.2,120.12 1 1
github.com/pax-beehive/connector/internal/genlib/naming.go:125.77,128.42 3 1
github.com/pax-beehive/connector/internal/genlib/naming.go:128.42,130.19 2 1
github.com/pax-beehive/connector/internal/genlib/naming.go:130.19,132.4 1 1
github.com/pax-beehive/connector/internal/genlib/naming.go:134.2,134.87 1 0
github.com/pax-beehive/connector/internal/genlib/render.go:17.61,19.78 2 1
github.com/pax-beehive/connector/internal/genlib/render.go:19.78,21.3 1 0
github.com/pax-beehive/connector/internal/genlib/render.go:22.2,22.30 1 1
github.com/pax-beehive/connector/internal/genlib/render.go:22.30,25.68 3 1
github.com/pax-beehive/connector/internal/genlib/render.go:25.68,27.4 1 0
github.com/pax-beehive/connector/internal/genlib/render.go:29.2,30.99 2 1
github.com/pax-beehive/connector/internal/genlib/render.go:30.99,32.3 1 0
github.com/pax-beehive/connector/internal/genlib/render.go:33.2,33.19 1 1
github.com/pax-beehive/connector/internal/genlib/render.go:36.48,38.28 2 1
github.com/pax-beehive/connector/internal/genlib/render.go:38.28,39.20 1 1
github.com/pax-beehive/connector/internal/genlib/render.go:39.20,41.4 1 1
github.com/pax-beehive/connector/internal/genlib/render.go:43.2,43.12 1 1
github.com/pax-beehive/connector/internal/genlib/render.go:48.100,50.16 2 1
github.com/pax-beehive/connector/internal/genlib/render.go:50.16,52.3 1 0
github.com/pax-beehive/connector/internal/genlib/render.go:53.2,54.16 2 1
github.com/pax-beehive/connector/internal/genlib/render.go:54.16,56.3 1 0
github.com/pax-beehive/connector/internal/genlib/render.go:57.2,59.16 3 1
github.com/pax-beehive/connector/internal/genlib/render.go:59.16,61.3 1 0
github.com/pax-beehive/connector/internal/genlib/render.go:62.2,63.12 2 1
github.com/pax-beehive/connector/internal/genlib/render.go:66.64,68.16 2 1
github.com/pax-beehive/connector/internal/genlib/render.go:68.16,70.3 1 0
github.com/pax-beehive/connector/internal/genlib/render.go:71.2,72.46 2 1
github.com/pax-beehive/connector/internal/genlib/render.go:72.46,74.3 1 0
github.com/pax-beehive/connector/internal/genlib/render.go:75.2,75.26 1 1
github.com/pax-beehive/connector/internal/genlib/render.go:79.54,81.40 2 1
github.com/pax-beehive/connector/internal/genlib/render.go:81.40,83.3 1 1
github.com/pax-beehive/connector/internal/genlib/render.go:84.2,84.41 1 1
github.com/pax-beehive/connector/internal/genlib/render.go:84.41,86.3 1 0
github.com/pax-beehive/connector/internal/genlib/render.go:87.2,87.42 1 1
github.com/pax-beehive/connector/internal/genlib/render.go:87.42,89.3 1 1
github.com/pax-beehive/connector/internal/genlib/render.go:90.2,90.23 1 1
github.com/pax-beehive/connector/internal/genlib/render.go:90.23,92.3 1 1
github.com/pax-beehive/connector/internal/genlib/render.go:93.2,94.67 2 1
github.com/pax-beehive/connector/internal/genlib/render.go:97.35,100.23 3 1
github.com/pax-beehive/connector/internal/genlib/render.go:100.23,101.29 1 1
github.com/pax-beehive/connector/internal/genlib/render.go:101.29,103.4 1 1
github.com/pax-beehive/connector/internal/genlib/render.go:105.2,105.12 1 1
github.com/pax-beehive/connector/internal/genlib/run.go:9.35,11.16 2 1
github.com/pax-beehive/connector/internal/genlib/run.go:11.16,13.3 1 1
github.com/pax-beehive/connector/internal/genlib/run.go:14.2,15.16 2 1
github.com/pax-beehive/connector/internal/genlib/run.go:15.16,17.3 1 0
github.com/pax-beehive/connector/internal/genlib/run.go:18.2,19.16 2 1
github.com/pax-beehive/connector/internal/genlib/run.go:19.16,21.3 1 0
github.com/pax-beehive/connector/internal/genlib/run.go:22.2,23.16 2 1
github.com/pax-beehive/connector/internal/genlib/run.go:23.16,25.3 1 0
github.com/pax-beehive/connector/internal/genlib/run.go:26.2,26.32 1 1
github.com/pax-beehive/connector/internal/genlib/run.go:26.32,27.84 1 1
github.com/pax-beehive/connector/internal/genlib/run.go:27.84,29.4 1 0
github.com/pax-beehive/connector/internal/genlib/run.go:31.2,31.12 1 1
github.com/pax-beehive/connector/mindbody/appointment_gen.go:34.115,43.16 3 1
github.com/pax-beehive/connector/mindbody/appointment_gen.go:43.16,45.3 1 0
github.com/pax-beehive/connector/mindbody/appointment_gen.go:46.2,46.17 1 1
github.com/pax-beehive/connector/mindbody/appointment_gen.go:59.130,68.16 3 1
github.com/pax-beehive/connector/mindbody/appointment_gen.go:68.16,70.3 1 0
github.com/pax-beehive/connector/mindbody/appointment_gen.go:71.2,71.17 1 1
github.com/pax-beehive/connector/mindbody/appointment_gen.go:89.124,98.16 3 1
github.com/pax-beehive/connector/mindbody/appointment_gen.go:98.16,100.3 1 0
github.com/pax-beehive/connector/mindbody/appointment_gen.go:101.2,101.17 1 1
github.com/pax-beehive/connector/mindbody/appointment_gen.go:110.142,119.16 3 1
github.com/pax-beehive/connector/mindbody/appointment_gen.go:119.16,121.3 1 0
github.com/pax-beehive/connector/mindbody/appointment_gen.go:122.2,122.17 1 1
github.com/pax-beehive/connector/mindbody/appointment_gen.go:134.139,141.16 3 1
github.com/pax-beehive/connector/mindbody/appointment_gen.go:141.16,143.3 1 0
github.com/pax-beehive/connector/mindbody/appointment_gen.go:144.2,144.17 1 1
github.com/pax-beehive/connector/mindbody/appointment_gen.go:157.127,164.16 3 1
github.com/pax-beehive/connector/mindbody/appointment_gen.go:164.16,166.3 1 0
github.com/pax-beehive/connector/mindbody/appointment_gen.go:167.2,167.17 1 1
github.com/pax-beehive/connector/mindbody/appointment_gen.go:181.136,189.16 3 1
github.com/pax-beehive/connector/mindbody/appointment_gen.go:189.16,191.3 1 0
github.com/pax-beehive/connector/mindbody/appointment_gen.go:192.2,192.17 1 1
github.com/pax-beehive/connector/mindbody/appointment_gen.go:203.100,211.16 3 1
github.com/pax-beehive/connector/mindbody/appointment_gen.go:211.16,213.3 1 0
github.com/pax-beehive/connector/mindbody/appointment_gen.go:214.2,214.17 1 1
github.com/pax-beehive/connector/mindbody/appointment_gen.go:222.136,230.16 3 1
github.com/pax-beehive/connector/mindbody/appointment_gen.go:230.16,232.3 1 0
github.com/pax-beehive/connector/mindbody/appointment_gen.go:233.2,233.17 1 1
github.com/pax-beehive/connector/mindbody/appointment_gen.go:246.124,254.16 3 1
github.com/pax-beehive/connector/mindbody/appointment_gen.go:254.16,256.3 1 0
github.com/pax-beehive/connector/mindbody/appointment_gen.go:257.2,257.17 1 1
github.com/pax-beehive/connector/mindbody/appointment_gen.go:275.121,283.16 3 1
github.com/pax-beehive/connector/mindbody/appointment_gen.go:283.16,285.3 1 0
github.com/pax-beehive/connector/mindbody/appointment_gen.go:286.2,286.17 1 1
github.com/pax-beehive/connector/mindbody/appointment_gen.go:301.121,309.16 3 1
github.com/pax-beehive/connector/mindbody/appointment_gen.go:309.16,311.3 1 0
github.com/pax-beehive/connector/mindbody/appointment_gen.go:312.2,312.17 1 1
github.com/pax-beehive/connector/mindbody/appointment_gen.go:329.133,337.16 3 1
github.com/pax-beehive/connector/mindbody/appointment_gen.go:337.16,339.3 1 0
github.com/pax-beehive/connector/mindbody/appointment_gen.go:340.2,340.17 1 1
github.com/pax-beehive/connector/mindbody/appointment_gen.go:353.130,361.16 3 1
github.com/pax-beehive/connector/mindbody/appointment_gen.go:361.16,363.3 1 0
github.com/pax-beehive/connector/mindbody/appointment_gen.go:364.2,364.17 1 1
github.com/pax-beehive/connector/mindbody/appointment_gen.go:376.160,383.16 3 1
github.com/pax-beehive/connector/mindbody/appointment_gen.go:383.16,385.3 1 0
github.com/pax-beehive/connector/mindbody/appointment_gen.go:386.2,386.17 1 1
github.com/pax-beehive/connector/mindbody/appointment_gen.go:408.124,417.16 3 1
github.com/pax-beehive/connector/mindbody/appointment_gen.go:417.16,419.3 1 0
github.com/pax-beehive/connector/mindbody/appointment_gen.go:420.2,420.17 1 1
github.com/pax-beehive/connector/mindbody/appointment_gen.go:437.127,446.16 3 1
github.com/pax-beehive/connector/mindbody/appointment_gen.go:446.16,448.3 1 0
github.com/pax-beehive/connector/mindbody/appointment_gen.go:449.2,449.17 1 1
github.com/pax-beehive/connector/mindbody/class_gen.go:42.121,51.16 3 1
github.com/pax-beehive/connector/mindbody/class_gen.go:51.16,53.3 1 0
github.com/pax-beehive/connector/mindbody/class_gen.go:54.2,54.17 1 1
github.com/pax-beehive/connector/mindbody/class_gen.go:74.121,83.16 3 1
github.com/pax-beehive/connector/mindbody/class_gen.go:83.16,85.3 1 0
github.com/pax-beehive/connector/mindbody/class_gen.go:86.2,86.17 1 1
github.com/pax-beehive/connector/mindbody/class_gen.go:98.124,107.16 3 1
github.com/pax-beehive/connector/mindbody/class_gen.go:107.16,109.3 1 0
github.com/pax-beehive/connector/mindbody/class_gen.go:110.2,110.17 1 1
github.com/pax-beehive/connector/mindbody/class_gen.go:127.133,135.16 3 1
github.com/pax-beehive/connector/mindbody/class_gen.go:135.16,137.3 1 0
github.com/pax-beehive/connector/mindbody/class_gen.go:138.2,138.17 1 1
github.com/pax-beehive/connector/mindbody/class_gen.go:155.124,163.16 3 1
github.com/pax-beehive/connector/mindbody/class_gen.go:163.16,165.3 1 0
github.com/pax-beehive/connector/mindbody/class_gen.go:166.2,166.17 1 1
github.com/pax-beehive/connector/mindbody/class_gen.go:177.115,185.16 3 1
github.com/pax-beehive/connector/mindbody/class_gen.go:185.16,187.3 1 0
github.com/pax-beehive/connector/mindbody/class_gen.go:188.2,188.17 1 1
github.com/pax-beehive/connector/mindbody/class_gen.go:213.103,221.16 3 1
github.com/pax-beehive/connector/mindbody/class_gen.go:221.16,223.3 1 0
github.com/pax-beehive/connector/mindbody/class_gen.go:224.2,224.17 1 1
github.com/pax-beehive/connector/mindbody/class_gen.go:244.103,252.16 3 1
github.com/pax-beehive/connector/mindbody/class_gen.go:252.16,254.3 1 0
github.com/pax-beehive/connector/mindbody/class_gen.go:255.2,255.17 1 1
github.com/pax-beehive/connector/mindbody/class_gen.go:269.109,277.16 3 1
github.com/pax-beehive/connector/mindbody/class_gen.go:277.16,279.3 1 0
github.com/pax-beehive/connector/mindbody/class_gen.go:280.2,280.17 1 1
github.com/pax-beehive/connector/mindbody/class_gen.go:295.127,303.16 3 1
github.com/pax-beehive/connector/mindbody/class_gen.go:303.16,305.3 1 0
github.com/pax-beehive/connector/mindbody/class_gen.go:306.2,306.17 1 1
github.com/pax-beehive/connector/mindbody/class_gen.go:321.136,330.16 3 1
github.com/pax-beehive/connector/mindbody/class_gen.go:330.16,332.3 1 0
github.com/pax-beehive/connector/mindbody/class_gen.go:333.2,333.17 1 1
github.com/pax-beehive/connector/mindbody/class_gen.go:347.145,356.16 3 1
github.com/pax-beehive/connector/mindbody/class_gen.go:356.16,358.3 1 0
github.com/pax-beehive/connector/mindbody/class_gen.go:359.2,359.17 1 1
github.com/pax-beehive/connector/mindbody/class_gen.go:368.127,376.16 3 1
github.com/pax-beehive/connector/mindbody/class_gen.go:376.16,378.3 1 0
github.com/pax-beehive/connector/mindbody/class_gen.go:379.2,379.17 1 1
github.com/pax-beehive/connector/mindbody/class_gen.go:393.139,402.16 3 1
github.com/pax-beehive/connector/mindbody/class_gen.go:402.16,404.3 1 0
github.com/pax-beehive/connector/mindbody/class_gen.go:405.2,405.17 1 1
github.com/pax-beehive/connector/mindbody/class_gen.go:418.106,426.16 3 1
github.com/pax-beehive/connector/mindbody/class_gen.go:426.16,428.3 1 0
github.com/pax-beehive/connector/mindbody/class_gen.go:429.2,429.17 1 1
github.com/pax-beehive/connector/mindbody/class_gen.go:464.130,473.16 3 1
github.com/pax-beehive/connector/mindbody/class_gen.go:473.16,475.3 1 0
github.com/pax-beehive/connector/mindbody/class_gen.go:476.2,476.17 1 1
github.com/pax-beehive/connector/mindbody/class_gen.go:489.145,497.16 3 1
github.com/pax-beehive/connector/mindbody/class_gen.go:497.16,499.3 1 0
github.com/pax-beehive/connector/mindbody/class_gen.go:500.2,500.17 1 1
github.com/pax-beehive/connector/mindbody/client.go:41.46,42.56 1 1
github.com/pax-beehive/connector/mindbody/client.go:42.56,44.3 1 1
github.com/pax-beehive/connector/mindbody/client.go:45.2,46.19 2 1
github.com/pax-beehive/connector/mindbody/client.go:46.19,48.3 1 1
github.com/pax-beehive/connector/mindbody/client.go:49.2,63.33 8 1
github.com/pax-beehive/connector/mindbody/client.go:66.47,75.2 3 1
github.com/pax-beehive/connector/mindbody/client.go:87.82,88.73 1 1
github.com/pax-beehive/connector/mindbody/client.go:88.73,90.3 1 1
github.com/pax-beehive/connector/mindbody/client.go:91.2,92.16 2 1
github.com/pax-beehive/connector/mindbody/client.go:92.16,94.3 1 0
github.com/pax-beehive/connector/mindbody/client.go:95.2,96.12 2 1
github.com/pax-beehive/connector/mindbody/client.go:99.72,102.19 3 1
github.com/pax-beehive/connector/mindbody/client.go:102.19,104.3 1 1
github.com/pax-beehive/connector/mindbody/client.go:105.2,113.16 4 1
github.com/pax-beehive/connector/mindbody/client.go:113.16,115.3 1 0
github.com/pax-beehive/connector/mindbody/client.go:116.2,117.21 2 1
github.com/pax-beehive/connector/mindbody/client.go:120.63,121.22 1 1
github.com/pax-beehive/connector/mindbody/client.go:121.22,123.3 1 0
github.com/pax-beehive/connector/mindbody/client.go:124.2,127.13 4 1
github.com/pax-beehive/connector/mindbody/client_gen.go:20.103,29.16 3 1
github.com/pax-beehive/connector/mindbody/client_gen.go:29.16,31.3 1 0
github.com/pax-beehive/connector/mindbody/client_gen.go:32.2,32.17 1 1
github.com/pax-beehive/connector/mindbody/client_gen.go:100.100,109.16 3 1
github.com/pax-beehive/connector/mindbody/client_gen.go:109.16,111.3 1 0
github.com/pax-beehive/connector/mindbody/client_gen.go:112.2,112.17 1 1
github.com/pax-beehive/connector/mindbody/client_gen.go:126.145,135.16 3 1
github.com/pax-beehive/connector/mindbody/client_gen.go:135.16,137.3 1 0
github.com/pax-beehive/connector/mindbody/client_gen.go:138.2,138.17 1 1
github.com/pax-beehive/connector/mindbody/client_gen.go:159.112,168.16 3 1
github.com/pax-beehive/connector/mindbody/client_gen.go:168.16,170.3 1 0
github.com/pax-beehive/connector/mindbody/client_gen.go:171.2,171.17 1 1
github.com/pax-beehive/connector/mindbody/client_gen.go:185.115,194.16 3 1
github.com/pax-beehive/connector/mindbody/client_gen.go:194.16,196.3 1 0
github.com/pax-beehive/connector/mindbody/client_gen.go:197.2,197.17 1 1
github.com/pax-beehive/connector/mindbody/client_gen.go:212.142,219.16 3 1
github.com/pax-beehive/connector/mindbody/client_gen.go:219.16,221.3 1 0
github.com/pax-beehive/connector/mindbody/client_gen.go:222.2,222.17 1 1
github.com/pax-beehive/connector/mindbody/client_gen.go:236.121,244.16 3 1
github.com/pax-beehive/connector/mindbody/client_gen.go:244.16,246.3 1 0
github.com/pax-beehive/connector/mindbody/client_gen.go:247.2,247.17 1 1
github.com/pax-beehive/connector/mindbody/client_gen.go:259.136,267.16 3 1
github.com/pax-beehive/connector/mindbody/client_gen.go:267.16,269.3 1 0
github.com/pax-beehive/connector/mindbody/client_gen.go:270.2,270.17 1 1
github.com/pax-beehive/connector/mindbody/client_gen.go:285.151,293.16 3 1
github.com/pax-beehive/connector/mindbody/client_gen.go:293.16,295.3 1 0
github.com/pax-beehive/connector/mindbody/client_gen.go:296.2,296.17 1 1
github.com/pax-beehive/connector/mindbody/client_gen.go:310.154,318.16 3 1
github.com/pax-beehive/connector/mindbody/client_gen.go:318.16,320.3 1 0
github.com/pax-beehive/connector/mindbody/client_gen.go:321.2,321.17 1 1
github.com/pax-beehive/connector/mindbody/client_gen.go:334.145,342.16 3 1
github.com/pax-beehive/connector/mindbody/client_gen.go:342.16,344.3 1 0
github.com/pax-beehive/connector/mindbody/client_gen.go:345.2,345.17 1 1
github.com/pax-beehive/connector/mindbody/client_gen.go:364.136,372.16 3 1
github.com/pax-beehive/connector/mindbody/client_gen.go:372.16,374.3 1 0
github.com/pax-beehive/connector/mindbody/client_gen.go:375.2,375.17 1 1
github.com/pax-beehive/connector/mindbody/client_gen.go:389.127,397.16 3 1
github.com/pax-beehive/connector/mindbody/client_gen.go:397.16,399.3 1 0
github.com/pax-beehive/connector/mindbody/client_gen.go:400.2,400.17 1 1
github.com/pax-beehive/connector/mindbody/client_gen.go:413.130,421.16 3 1
github.com/pax-beehive/connector/mindbody/client_gen.go:421.16,423.3 1 0
github.com/pax-beehive/connector/mindbody/client_gen.go:424.2,424.17 1 1
github.com/pax-beehive/connector/mindbody/client_gen.go:436.136,444.16 3 1
github.com/pax-beehive/connector/mindbody/client_gen.go:444.16,446.3 1 0
github.com/pax-beehive/connector/mindbody/client_gen.go:447.2,447.17 1 1
github.com/pax-beehive/connector/mindbody/client_gen.go:456.121,464.16 3 1
github.com/pax-beehive/connector/mindbody/client_gen.go:464.16,466.3 1 0
github.com/pax-beehive/connector/mindbody/client_gen.go:467.2,467.17 1 1
github.com/pax-beehive/connector/mindbody/client_gen.go:482.127,490.16 3 1
github.com/pax-beehive/connector/mindbody/client_gen.go:490.16,492.3 1 0
github.com/pax-beehive/connector/mindbody/client_gen.go:493.2,493.17 1 1
github.com/pax-beehive/connector/mindbody/client_gen.go:502.139,510.16 3 1
github.com/pax-beehive/connector/mindbody/client_gen.go:510.16,512.3 1 0
github.com/pax-beehive/connector/mindbody/client_gen.go:513.2,513.17 1 1
github.com/pax-beehive/connector/mindbody/client_gen.go:526.121,534.16 3 1
github.com/pax-beehive/connector/mindbody/client_gen.go:534.16,536.3 1 0
github.com/pax-beehive/connector/mindbody/client_gen.go:537.2,537.17 1 1
github.com/pax-beehive/connector/mindbody/client_gen.go:554.124,562.16 3 1
github.com/pax-beehive/connector/mindbody/client_gen.go:562.16,564.3 1 0
github.com/pax-beehive/connector/mindbody/client_gen.go:565.2,565.17 1 1
github.com/pax-beehive/connector/mindbody/client_gen.go:593.124,601.16 3 1
github.com/pax-beehive/connector/mindbody/client_gen.go:601.16,603.3 1 0
github.com/pax-beehive/connector/mindbody/client_gen.go:604.2,604.17 1 1
github.com/pax-beehive/connector/mindbody/client_gen.go:623.118,631.16 3 1
github.com/pax-beehive/connector/mindbody/client_gen.go:631.16,633.3 1 0
github.com/pax-beehive/connector/mindbody/client_gen.go:634.2,634.17 1 1
github.com/pax-beehive/connector/mindbody/client_gen.go:650.103,658.16 3 1
github.com/pax-beehive/connector/mindbody/client_gen.go:658.16,660.3 1 0
github.com/pax-beehive/connector/mindbody/client_gen.go:661.2,661.17 1 1
github.com/pax-beehive/connector/mindbody/client_gen.go:672.127,680.16 3 1
github.com/pax-beehive/connector/mindbody/client_gen.go:680.16,682.3 1 0
github.com/pax-beehive/connector/mindbody/client_gen.go:683.2,683.17 1 1
github.com/pax-beehive/connector/mindbody/client_gen.go:700.115,708.16 3 1
github.com/pax-beehive/connector/mindbody/client_gen.go:708.16,710.3 1 0
github.com/pax-beehive/connector/mindbody/client_gen.go:711.2,711.17 1 1
github.com/pax-beehive/connector/mindbody/client_gen.go:728.175,736.16 3 1
github.com/pax-beehive/connector/mindbody/client_gen.go:736.16,738.3 1 0
github.com/pax-beehive/connector/mindbody/client_gen.go:739.2,739.17 1 1
github.com/pax-beehive/connector/mindbody/client_gen.go:749.136,757.16 3 1
github.com/pax-beehive/connector/mindbody/client_gen.go:757.16,759.3 1 0
github.com/pax-beehive/connector/mindbody/client_gen.go:760.2,760.17 1 1
github.com/pax-beehive/connector/mindbody/client_gen.go:772.127,780.16 3 1
github.com/pax-beehive/connector/mindbody/client_gen.go:780.16,782.3 1 0
github.com/pax-beehive/connector/mindbody/client_gen.go:783.2,783.17 1 1
github.com/pax-beehive/connector/mindbody/client_gen.go:791.142,799.16 3 1
github.com/pax-beehive/connector/mindbody/client_gen.go:799.16,801.3 1 0
github.com/pax-beehive/connector/mindbody/client_gen.go:802.2,802.17 1 1
github.com/pax-beehive/connector/mindbody/client_gen.go:815.106,824.16 3 1
github.com/pax-beehive/connector/mindbody/client_gen.go:824.16,826.3 1 0
github.com/pax-beehive/connector/mindbody/client_gen.go:827.2,827.17 1 1
github.com/pax-beehive/connector/mindbody/client_gen.go:840.112,849.16 3 1
github.com/pax-beehive/connector/mindbody/client_gen.go:849.16,851.3 1 0
github.com/pax-beehive/connector/mindbody/client_gen.go:852.2,852.17 1 1
github.com/pax-beehive/connector/mindbody/client_gen.go:866.139,875.16 3 1
github.com/pax-beehive/connector/mindbody/client_gen.go:875.16,877.3 1 0
github.com/pax-beehive/connector/mindbody/client_gen.go:878.2,878.17 1 1
github.com/pax-beehive/connector/mindbody/client_gen.go:895.118,904.16 3 1
github.com/pax-beehive/connector/mindbody/client_gen.go:904.16,906.3 1 0
github.com/pax-beehive/connector/mindbody/client_gen.go:907.2,907.17 1 1
github.com/pax-beehive/connector/mindbody/client_gen.go:920.124,929.16 3 1
github.com/pax-beehive/connector/mindbody/client_gen.go:929.16,931.3 1 0
github.com/pax-beehive/connector/mindbody/client_gen.go:932.2,932.17 1 1
github.com/pax-beehive/connector/mindbody/client_gen.go:945.109,954.16 3 1
github.com/pax-beehive/connector/mindbody/client_gen.go:954.16,956.3 1 0
github.com/pax-beehive/connector/mindbody/client_gen.go:957.2,957.17 1 1
github.com/pax-beehive/connector/mindbody/client_gen.go:975.157,984.16 3 1
github.com/pax-beehive/connector/mindbody/client_gen.go:984.16,986.3 1 0
github.com/pax-beehive/connector/mindbody/client_gen.go:987.2,987.17 1 1
github.com/pax-beehive/connector/mindbody/client_gen.go:1004.130,1013.16 3 1
github.com/pax-beehive/connector/mindbody/client_gen.go:1013.16,1015.3 1 0
github.com/pax-beehive/connector/mindbody/client_gen.go:1016.2,1016.17 1 1
github.com/pax-beehive/connector/mindbody/client_gen.go:1029.130,1038.16 3 1
github.com/pax-beehive/connector/mindbody/client_gen.go:1038.16,1040.3 1 0
github.com/pax-beehive/connector/mindbody/client_gen.go:1041.2,1041.17 1 1
github.com/pax-beehive/connector/mindbody/client_gen.go:1056.124,1065.16 3 1
github.com/pax-beehive/connector/mindbody/client_gen.go:1065.16,1067.3 1 0
github.com/pax-beehive/connector/mindbody/client_gen.go:1068.2,1068.17 1 1
github.com/pax-beehive/connector/mindbody/client_gen.go:1089.121,1098.16 3 1
github.com/pax-beehive/connector/mindbody/client_gen.go:1098.16,1100.3 1 0
github.com/pax-beehive/connector/mindbody/client_gen.go:1101.2,1101.17 1 1
github.com/pax-beehive/connector/mindbody/client_gen.go:1111.133,1120.16 3 1
github.com/pax-beehive/connector/mindbody/client_gen.go:1120.16,1122.3 1 0
github.com/pax-beehive/connector/mindbody/client_gen.go:1123.2,1123.17 1 1
github.com/pax-beehive/connector/mindbody/client_gen.go:1133.124,1142.16 3 1
github.com/pax-beehive/connector/mindbody/client_gen.go:1142.16,1144.3 1 0
github.com/pax-beehive/connector/mindbody/client_gen.go:1145.2,1145.17 1 1
github.com/pax-beehive/connector/mindbody/crosssite_gen.go:21.115,30.16 3 1
github.com/pax-beehive/connector/mindbody/crosssite_gen.go:30.16,32.3 1 0
github.com/pax-beehive/connector/mindbody/crosssite_gen.go:33.2,33.17 1 1
github.com/pax-beehive/connector/mindbody/enrollment_gen.go:26.136,35.16 3 1
github.com/pax-beehive/connector/mindbody/enrollment_gen.go:35.16,37.3 1 0
github.com/pax-beehive/connector/mindbody/enrollment_gen.go:38.2,38.17 1 1
github.com/pax-beehive/connector/mindbody/enrollment_gen.go:73.136,82.16 3 1
github.com/pax-beehive/connector/mindbody/enrollment_gen.go:82.16,84.3 1 0
github.com/pax-beehive/connector/mindbody/enrollment_gen.go:85.2,85.17 1 1
github.com/pax-beehive/connector/mindbody/enrollment_gen.go:102.115,110.16 3 1
github.com/pax-beehive/connector/mindbody/enrollment_gen.go:110.16,112.3 1 0
github.com/pax-beehive/connector/mindbody/enrollment_gen.go:113.2,113.17 1 1
github.com/pax-beehive/connector/mindbody/enrollment_gen.go:148.145,157.16 3 1
github.com/pax-beehive/connector/mindbody/enrollment_gen.go:157.16,159.3 1 0
github.com/pax-beehive/connector/mindbody/enrollment_gen.go:160.2,160.17 1 1
github.com/pax-beehive/connector/mindbody/payroll_gen.go:21.115,29.16 3 1
github.com/pax-beehive/connector/mindbody/payroll_gen.go:29.16,31.3 1 0
github.com/pax-beehive/connector/mindbody/payroll_gen.go:32.2,32.17 1 1
github.com/pax-beehive/connector/mindbody/payroll_gen.go:48.154,56.16 3 1
github.com/pax-beehive/connector/mindbody/payroll_gen.go:56.16,58.3 1 0
github.com/pax-beehive/connector/mindbody/payroll_gen.go:59.2,59.17 1 1
github.com/pax-beehive/connector/mindbody/payroll_gen.go:73.109,81.16 3 1
github.com/pax-beehive/connector/mindbody/payroll_gen.go:81.16,83.3 1 0
github.com/pax-beehive/connector/mindbody/payroll_gen.go:84.2,84.17 1 1
github.com/pax-beehive/connector/mindbody/payroll_gen.go:98.94,106.16 3 1
github.com/pax-beehive/connector/mindbody/payroll_gen.go:106.16,108.3 1 0
github.com/pax-beehive/connector/mindbody/payroll_gen.go:109.2,109.17 1 1
github.com/pax-beehive/connector/mindbody/pickaspot_gen.go:16.124,24.16 3 1
github.com/pax-beehive/connector/mindbody/pickaspot_gen.go:24.16,26.3 1 0
github.com/pax-beehive/connector/mindbody/pickaspot_gen.go:27.2,27.17 1 1
github.com/pax-beehive/connector/mindbody/pickaspot_gen.go:39.124,47.16 3 1
github.com/pax-beehive/connector/mindbody/pickaspot_gen.go:47.16,49.3 1 0
github.com/pax-beehive/connector/mindbody/pickaspot_gen.go:50.2,50.17 1 1
github.com/pax-beehive/connector/mindbody/pickaspot_gen.go:62.97,70.16 3 1
github.com/pax-beehive/connector/mindbody/pickaspot_gen.go:70.16,72.3 1 0
github.com/pax-beehive/connector/mindbody/pickaspot_gen.go:73.2,73.17 1 1
github.com/pax-beehive/connector/mindbody/pickaspot_gen.go:84.109,92.16 3 1
github.com/pax-beehive/connector/mindbody/pickaspot_gen.go:92.16,94.3 1 0
github.com/pax-beehive/connector/mindbody/pickaspot_gen.go:95.2,95.17 1 1
github.com/pax-beehive/connector/mindbody/pickaspot_gen.go:104.115,112.16 3 1
github.com/pax-beehive/connector/mindbody/pickaspot_gen.go:112.16,114.3 1 0
github.com/pax-beehive/connector/mindbody/pickaspot_gen.go:115.2,115.17 1 1
github.com/pax-beehive/connector/mindbody/pickaspot_gen.go:124.124,132.16 3 1
github.com/pax-beehive/connector/mindbody/pickaspot_gen.go:132.16,134.3 1 0
github.com/pax-beehive/connector/mindbody/pickaspot_gen.go:135.2,135.17 1 1
github.com/pax-beehive/connector/mindbody/pricingoption_gen.go:35.130,44.16 3 1
github.com/pax-beehive/connector/mindbody/pricingoption_gen.go:44.16,46.3 1 0
github.com/pax-beehive/connector/mindbody/pricingoption_gen.go:47.2,47.17 1 1
github.com/pax-beehive/connector/mindbody/sale_gen.go:35.133,44.16 3 1
github.com/pax-beehive/connector/mindbody/sale_gen.go:44.16,46.3 1 0
github.com/pax-beehive/connector/mindbody/sale_gen.go:47.2,47.17 1 1
github.com/pax-beehive/connector/mindbody/sale_gen.go:61.229,70.16 3 1
github.com/pax-beehive/connector/mindbody/sale_gen.go:70.16,72.3 1 0
github.com/pax-beehive/connector/mindbody/sale_gen.go:73.2,73.17 1 1
github.com/pax-beehive/connector/mindbody/sale_gen.go:84.133,92.16 3 1
github.com/pax-beehive/connector/mindbody/sale_gen.go:92.16,94.3 1 0
github.com/pax-beehive/connector/mindbody/sale_gen.go:95.2,95.17 1 1
github.com/pax-beehive/connector/mindbody/sale_gen.go:105.157,113.16 3 1
github.com/pax-beehive/connector/mindbody/sale_gen.go:113.16,115.3 1 0
github.com/pax-beehive/connector/mindbody/sale_gen.go:116.2,116.17 1 1
github.com/pax-beehive/connector/mindbody/sale_gen.go:131.109,139.16 3 1
github.com/pax-beehive/connector/mindbody/sale_gen.go:139.16,141.3 1 0
github.com/pax-beehive/connector/mindbody/sale_gen.go:142.2,142.17 1 1
github.com/pax-beehive/connector/mindbody/sale_gen.go:152.142,160.16 3 1
github.com/pax-beehive/connector/mindbody/sale_gen.go:160.16,162.3 1 0
github.com/pax-beehive/connector/mindbody/sale_gen.go:163.2,163.17 1 1
github.com/pax-beehive/connector/mindbody/sale_gen.go:172.127,180.16 3 1
github.com/pax-beehive/connector/mindbody/sale_gen.go:180.16,182.3 1 0
github.com/pax-beehive/connector/mindbody/sale_gen.go:183.2,183.17 1 1
github.com/pax-beehive/connector/mindbody/sale_gen.go:200.109,208.16 3 1
github.com/pax-beehive/connector/mindbody/sale_gen.go:208.16,210.3 1 0
github.com/pax-beehive/connector/mindbody/sale_gen.go:211.2,211.17 1 1
github.com/pax-beehive/connector/mindbody/sale_gen.go:224.106,232.16 3 1
github.com/pax-beehive/connector/mindbody/sale_gen.go:232.16,234.3 1 0
github.com/pax-beehive/connector/mindbody/sale_gen.go:235.2,235.17 1 1
github.com/pax-beehive/connector/mindbody/sale_gen.go:252.106,260.16 3 1
github.com/pax-beehive/connector/mindbody/sale_gen.go:260.16,262.3 1 0
github.com/pax-beehive/connector/mindbody/sale_gen.go:263.2,263.17 1 1
github.com/pax-beehive/connector/mindbody/sale_gen.go:276.133,284.16 3 1
github.com/pax-beehive/connector/mindbody/sale_gen.go:284.16,286.3 1 0
github.com/pax-beehive/connector/mindbody/sale_gen.go:287.2,287.17 1 1
github.com/pax-beehive/connector/mindbody/sale_gen.go:299.148,307.16 3 1
github.com/pax-beehive/connector/mindbody/sale_gen.go:307.16,309.3 1 0
github.com/pax-beehive/connector/mindbody/sale_gen.go:310.2,310.17 1 1
github.com/pax-beehive/connector/mindbody/sale_gen.go:324.97,332.16 3 1
github.com/pax-beehive/connector/mindbody/sale_gen.go:332.16,334.3 1 0
github.com/pax-beehive/connector/mindbody/sale_gen.go:335.2,335.17 1 1
github.com/pax-beehive/connector/mindbody/sale_gen.go:356.106,364.16 3 1
github.com/pax-beehive/connector/mindbody/sale_gen.go:364.16,366.3 1 0
github.com/pax-beehive/connector/mindbody/sale_gen.go:367.2,367.17 1 1
github.com/pax-beehive/connector/mindbody/sale_gen.go:384.118,392.16 3 1
github.com/pax-beehive/connector/mindbody/sale_gen.go:392.16,394.3 1 0
github.com/pax-beehive/connector/mindbody/sale_gen.go:395.2,395.17 1 1
github.com/pax-beehive/connector/mindbody/sale_gen.go:421.229,430.16 3 1
github.com/pax-beehive/connector/mindbody/sale_gen.go:430.16,432.3 1 0
github.com/pax-beehive/connector/mindbody/sale_gen.go:433.2,433.17 1 1
github.com/pax-beehive/connector/mindbody/sale_gen.go:454.217,463.16 3 1
github.com/pax-beehive/connector/mindbody/sale_gen.go:463.16,465.3 1 0
github.com/pax-beehive/connector/mindbody/sale_gen.go:466.2,466.17 1 1
github.com/pax-beehive/connector/mindbody/sale_gen.go:482.136,491.16 3 1
github.com/pax-beehive/connector/mindbody/sale_gen.go:491.16,493.3 1 0
github.com/pax-beehive/connector/mindbody/sale_gen.go:494.2,494.17 1 1
github.com/pax-beehive/connector/mindbody/sale_gen.go:521.121,530.16 3 1
github.com/pax-beehive/connector/mindbody/sale_gen.go:530.16,532.3 1 0
github.com/pax-beehive/connector/mindbody/sale_gen.go:533.2,533.17 1 1
github.com/pax-beehive/connector/mindbody/sale_gen.go:558.121,567.16 3 1
github.com/pax-beehive/connector/mindbody/sale_gen.go:567.16,569.3 1 0
github.com/pax-beehive/connector/mindbody/sale_gen.go:570.2,570.17 1 1
github.com/pax-beehive/connector/mindbody/sale_gen.go:580.103,589.16 3 1
github.com/pax-beehive/connector/mindbody/sale_gen.go:589.16,591.3 1 0
github.com/pax-beehive/connector/mindbody/sale_gen.go:592.2,592.17 1 1
github.com/pax-beehive/connector/mindbody/sale_gen.go:603.127,612.16 3 1
github.com/pax-beehive/connector/mindbody/sale_gen.go:612.16,614.3 1 0
github.com/pax-beehive/connector/mindbody/sale_gen.go:615.2,615.17 1 1
github.com/pax-beehive/connector/mindbody/sale_gen.go:627.115,636.16 3 1
github.com/pax-beehive/connector/mindbody/sale_gen.go:636.16,638.3 1 0
github.com/pax-beehive/connector/mindbody/sale_gen.go:639.2,639.17 1 1
github.com/pax-beehive/connector/mindbody/sale_gen.go:649.115,658.16 3 1
github.com/pax-beehive/connector/mindbody/sale_gen.go:658.16,660.3 1 0
github.com/pax-beehive/connector/mindbody/sale_gen.go:661.2,661.17 1 1
github.com/pax-beehive/connector/mindbody/sale_gen.go:673.115,682.16 3 1
github.com/pax-beehive/connector/mindbody/sale_gen.go:682.16,684.3 1 0
github.com/pax-beehive/connector/mindbody/sale_gen.go:685.2,685.17 1 1
github.com/pax-beehive/connector/mindbody/site_gen.go:27.115,36.16 3 1
github.com/pax-beehive/connector/mindbody/site_gen.go:36.16,38.3 1 0
github.com/pax-beehive/connector/mindbody/site_gen.go:39.2,39.17 1 1
github.com/pax-beehive/connector/mindbody/site_gen.go:58.109,67.16 3 1
github.com/pax-beehive/connector/mindbody/site_gen.go:67.16,69.3 1 0
github.com/pax-beehive/connector/mindbody/site_gen.go:70.2,70.17 1 1
github.com/pax-beehive/connector/mindbody/site_gen.go:82.130,91.16 3 1
github.com/pax-beehive/connector/mindbody/site_gen.go:91.16,93.3 1 0
github.com/pax-beehive/connector/mindbody/site_gen.go:94.2,94.17 1 1
github.com/pax-beehive/connector/mindbody/site_gen.go:102.124,110.16 3 1
github.com/pax-beehive/connector/mindbody/site_gen.go:110.16,112.3 1 0
github.com/pax-beehive/connector/mindbody/site_gen.go:113.2,113.17 1 1
github.com/pax-beehive/connector/mindbody/site_gen.go:127.112,135.16 3 1
github.com/pax-beehive/connector/mindbody/site_gen.go:135.16,137.3 1 0
github.com/pax-beehive/connector/mindbody/site_gen.go:138.2,138.17 1 1
github.com/pax-beehive/connector/mindbody/site_gen.go:146.103,154.16 3 1
github.com/pax-beehive/connector/mindbody/site_gen.go:154.16,156.3 1 0
github.com/pax-beehive/connector/mindbody/site_gen.go:157.2,157.17 1 1
github.com/pax-beehive/connector/mindbody/site_gen.go:165.127,173.16 3 1
github.com/pax-beehive/connector/mindbody/site_gen.go:173.16,175.3 1 0
github.com/pax-beehive/connector/mindbody/site_gen.go:176.2,176.17 1 1
github.com/pax-beehive/connector/mindbody/site_gen.go:186.109,194.16 3 1
github.com/pax-beehive/connector/mindbody/site_gen.go:194.16,196.3 1 0
github.com/pax-beehive/connector/mindbody/site_gen.go:197.2,197.17 1 1
github.com/pax-beehive/connector/mindbody/site_gen.go:206.115,214.16 3 1
github.com/pax-beehive/connector/mindbody/site_gen.go:214.16,216.3 1 0
github.com/pax-beehive/connector/mindbody/site_gen.go:217.2,217.17 1 1
github.com/pax-beehive/connector/mindbody/site_gen.go:226.127,234.16 3 1
github.com/pax-beehive/connector/mindbody/site_gen.go:234.16,236.3 1 0
github.com/pax-beehive/connector/mindbody/site_gen.go:237.2,237.17 1 1
github.com/pax-beehive/connector/mindbody/site_gen.go:246.118,254.16 3 1
github.com/pax-beehive/connector/mindbody/site_gen.go:254.16,256.3 1 0
github.com/pax-beehive/connector/mindbody/site_gen.go:257.2,257.17 1 1
github.com/pax-beehive/connector/mindbody/site_gen.go:270.106,278.16 3 1
github.com/pax-beehive/connector/mindbody/site_gen.go:278.16,280.3 1 0
github.com/pax-beehive/connector/mindbody/site_gen.go:281.2,281.17 1 1
github.com/pax-beehive/connector/mindbody/site_gen.go:296.112,304.16 3 1
github.com/pax-beehive/connector/mindbody/site_gen.go:304.16,306.3 1 0
github.com/pax-beehive/connector/mindbody/site_gen.go:307.2,307.17 1 1
github.com/pax-beehive/connector/mindbody/site_gen.go:316.124,324.16 3 1
github.com/pax-beehive/connector/mindbody/site_gen.go:324.16,326.3 1 0
github.com/pax-beehive/connector/mindbody/site_gen.go:327.2,327.17 1 1
github.com/pax-beehive/connector/mindbody/site_gen.go:338.121,346.16 3 1
github.com/pax-beehive/connector/mindbody/site_gen.go:346.16,348.3 1 0
github.com/pax-beehive/connector/mindbody/site_gen.go:349.2,349.17 1 1
github.com/pax-beehive/connector/mindbody/site_gen.go:365.148,373.16 3 1
github.com/pax-beehive/connector/mindbody/site_gen.go:373.16,375.3 1 0
github.com/pax-beehive/connector/mindbody/site_gen.go:376.2,376.17 1 1
github.com/pax-beehive/connector/mindbody/site_gen.go:394.109,402.16 3 1
github.com/pax-beehive/connector/mindbody/site_gen.go:402.16,404.3 1 0
github.com/pax-beehive/connector/mindbody/site_gen.go:405.2,405.17 1 1
github.com/pax-beehive/connector/mindbody/site_gen.go:417.118,425.16 3 1
github.com/pax-beehive/connector/mindbody/site_gen.go:425.16,427.3 1 0
github.com/pax-beehive/connector/mindbody/site_gen.go:428.2,428.17 1 1
github.com/pax-beehive/connector/mindbody/site_gen.go:441.97,449.16 3 1
github.com/pax-beehive/connector/mindbody/site_gen.go:449.16,451.3 1 0
github.com/pax-beehive/connector/mindbody/site_gen.go:452.2,452.17 1 1
github.com/pax-beehive/connector/mindbody/site_gen.go:473.124,482.16 3 1
github.com/pax-beehive/connector/mindbody/site_gen.go:482.16,484.3 1 0
github.com/pax-beehive/connector/mindbody/site_gen.go:485.2,485.17 1 1
github.com/pax-beehive/connector/mindbody/staff_gen.go:42.97,51.16 3 1
github.com/pax-beehive/connector/mindbody/staff_gen.go:51.16,53.3 1 0
github.com/pax-beehive/connector/mindbody/staff_gen.go:54.2,54.17 1 1
github.com/pax-beehive/connector/mindbody/staff_gen.go:76.133,84.16 3 1
github.com/pax-beehive/connector/mindbody/staff_gen.go:84.16,86.3 1 0
github.com/pax-beehive/connector/mindbody/staff_gen.go:87.2,87.17 1 1
github.com/pax-beehive/connector/mindbody/staff_gen.go:103.139,112.16 3 1
github.com/pax-beehive/connector/mindbody/staff_gen.go:112.16,114.3 1 0
github.com/pax-beehive/connector/mindbody/staff_gen.go:115.2,115.17 1 1
github.com/pax-beehive/connector/mindbody/staff_gen.go:127.109,135.16 3 1
github.com/pax-beehive/connector/mindbody/staff_gen.go:135.16,137.3 1 0
github.com/pax-beehive/connector/mindbody/staff_gen.go:138.2,138.17 1 1
github.com/pax-beehive/connector/mindbody/staff_gen.go:154.97,162.16 3 1
github.com/pax-beehive/connector/mindbody/staff_gen.go:162.16,164.3 1 0
github.com/pax-beehive/connector/mindbody/staff_gen.go:165.2,165.17 1 1
github.com/pax-beehive/connector/mindbody/staff_gen.go:174.121,182.16 3 1
github.com/pax-beehive/connector/mindbody/staff_gen.go:182.16,184.3 1 0
github.com/pax-beehive/connector/mindbody/staff_gen.go:185.2,185.17 1 1
github.com/pax-beehive/connector/mindbody/staff_gen.go:194.130,202.16 3 1
github.com/pax-beehive/connector/mindbody/staff_gen.go:202.16,204.3 1 0
github.com/pax-beehive/connector/mindbody/staff_gen.go:205.2,205.17 1 1
github.com/pax-beehive/connector/mindbody/staff_gen.go:218.133,226.16 3 1
github.com/pax-beehive/connector/mindbody/staff_gen.go:226.16,228.3 1 0
github.com/pax-beehive/connector/mindbody/staff_gen.go:229.2,229.17 1 1
github.com/pax-beehive/connector/mindbody/staff_gen.go:266.106,275.16 3 1
github.com/pax-beehive/connector/mindbody/staff_gen.go:275.16,277.3 1 0
github.com/pax-beehive/connector/mindbody/staff_gen.go:278.2,278.17 1 1
github.com/pax-beehive/connector/mindbody/staff_gen.go:288.139,297.16 3 1
github.com/pax-beehive/connector/mindbody/staff_gen.go:297.16,299.3 1 0
github.com/pax-beehive/connector/mindbody/staff_gen.go:300.2,300.17 1 1
github.com/pax-beehive/connector/mindbody/usertoken_gen.go:20.103,29.16 3 1
github.com/pax-beehive/connector/mindbody/usertoken_gen.go:29.16,31.3 1 0
github.com/pax-beehive/connector/mindbody/usertoken_gen.go:32.2,32.17 1 1
github.com/pax-beehive/connector/mindbody/usertoken_gen.go:43.103,51.16 3 1
github.com/pax-beehive/connector/mindbody/usertoken_gen.go:51.16,53.3 1 0
github.com/pax-beehive/connector/mindbody/usertoken_gen.go:54.2,54.17 1 1
github.com/pax-beehive/connector/mindbody/usertoken_gen.go:65.106,73.16 3 1
github.com/pax-beehive/connector/mindbody/usertoken_gen.go:73.16,75.3 1 0
github.com/pax-beehive/connector/mindbody/usertoken_gen.go:76.2,76.17 1 1
github.com/pax-beehive/connector/cmd/connector-gen/main.go:13.13,16.44 3 0
github.com/pax-beehive/connector/cmd/connector-gen/main.go:16.44,19.3 2 0
